Classic Timing Analyzer report for 20201023
Fri Oct 23 13:46:17 2020
Quartus II Version 9.1 Build 350 03/24/2010 Service Pack 2 SJ Web Edition


---------------------
; Table of Contents ;
---------------------
  1. Legal Notice
  2. Timing Analyzer Summary
  3. Timing Analyzer Settings
  4. Parallel Compilation
  5. tpd
  6. Timing Analyzer Messages



----------------
; Legal Notice ;
----------------
Copyright (C) 1991-2010 Altera Corporation
Your use of Altera Corporation's design tools, logic functions 
and other software and tools, and its AMPP partner logic 
functions, and any output files from any of the foregoing 
(including device programming or simulation files), and any 
associated documentation or information are expressly subject 
to the terms and conditions of the Altera Program License 
Subscription Agreement, Altera MegaCore Function License 
Agreement, or other applicable license agreement, including, 
without limitation, that your use is for the sole purpose of 
programming logic devices manufactured by Altera and sold by 
Altera or its authorized distributors.  Please refer to the 
applicable agreement for further details.



+-----------------------------------------------------------------------------------------------------------------------------------+
; Timing Analyzer Summary                                                                                                           ;
+------------------------------+-------+---------------+-------------+-----------+-----------+------------+----------+--------------+
; Type                         ; Slack ; Required Time ; Actual Time ; From      ; To        ; From Clock ; To Clock ; Failed Paths ;
+------------------------------+-------+---------------+-------------+-----------+-----------+------------+----------+--------------+
; Worst-case tpd               ; N/A   ; None          ; 9.010 ns    ; pin_name8 ; pin_name9 ; --         ; --       ; 0            ;
; Total number of failed paths ;       ;               ;             ;           ;           ;            ;          ; 0            ;
+------------------------------+-------+---------------+-------------+-----------+-----------+------------+----------+--------------+


+-----------------------------------------------------------------------------------------------------------------------------------------------------+
; Timing Analyzer Settings                                                                                                                            ;
+------------------------------------------------------------------------------------------------------+--------------------+------+----+-------------+
; Option                                                                                               ; Setting            ; From ; To ; Entity Name ;
+------------------------------------------------------------------------------------------------------+--------------------+------+----+-------------+
; Device Name                                                                                          ; EPM1270T144C5      ;      ;    ;             ;
; Timing Models                                                                                        ; Final              ;      ;    ;             ;
; Default hold multicycle                                                                              ; Same as Multicycle ;      ;    ;             ;
; Cut paths between unrelated clock domains                                                            ; On                 ;      ;    ;             ;
; Cut off read during write signal paths                                                               ; On                 ;      ;    ;             ;
; Cut off feedback from I/O pins                                                                       ; On                 ;      ;    ;             ;
; Report Combined Fast/Slow Timing                                                                     ; Off                ;      ;    ;             ;
; Ignore Clock Settings                                                                                ; Off                ;      ;    ;             ;
; Analyze latches as synchronous elements                                                              ; On                 ;      ;    ;             ;
; Enable Recovery/Removal analysis                                                                     ; Off                ;      ;    ;             ;
; Enable Clock Latency                                                                                 ; Off                ;      ;    ;             ;
; Use TimeQuest Timing Analyzer                                                                        ; Off                ;      ;    ;             ;
; Minimum Core Junction Temperature                                                                    ; 0                  ;      ;    ;             ;
; Maximum Core Junction Temperature                                                                    ; 85                 ;      ;    ;             ;
; Number of source nodes to report per destination node                                                ; 10                 ;      ;    ;             ;
; Number of destination nodes to report                                                                ; 10                 ;      ;    ;             ;
; Number of paths to report                                                                            ; 200                ;      ;    ;             ;
; Report Minimum Timing Checks                                                                         ; Off                ;      ;    ;             ;
; Use Fast Timing Models                                                                               ; Off                ;      ;    ;             ;
; Report IO Paths Separately                                                                           ; Off                ;      ;    ;             ;
; Perform Multicorner Analysis                                                                         ; Off                ;      ;    ;             ;
; Reports the worst-case path for each clock domain and analysis                                       ; Off                ;      ;    ;             ;
; Reports worst-case timing paths for each clock domain and analysis                                   ; On                 ;      ;    ;             ;
; Specifies the maximum number of worst-case timing paths to report for each clock domain and analysis ; 100                ;      ;    ;             ;
; Removes common clock path pessimism (CCPP) during slack computation                                  ; Off                ;      ;    ;             ;
; Output I/O Timing Endpoint                                                                           ; Near End           ;      ;    ;             ;
+------------------------------------------------------------------------------------------------------+--------------------+------+----+-------------+


Parallel compilation was disabled, but you have multiple processors available. Enable parallel compilation to reduce compilation time.
+-------------------------------------+
; Parallel Compilation                ;
+----------------------------+--------+
; Processors                 ; Number ;
+----------------------------+--------+
; Number detected on machine ; 4      ;
; Maximum allowed            ; 1      ;
+----------------------------+--------+


+----------------------------------------------------------------------+
; tpd                                                                  ;
+-------+-------------------+-----------------+-----------+------------+
; Slack ; Required P2P Time ; Actual P2P Time ; From      ; To         ;
+-------+-------------------+-----------------+-----------+------------+
; N/A   ; None              ; 9.010 ns        ; pin_name8 ; pin_name9  ;
; N/A   ; None              ; 8.890 ns        ; pin_name  ; pin_name9  ;
; N/A   ; None              ; 8.857 ns        ; pin_name8 ; pin_name10 ;
; N/A   ; None              ; 8.738 ns        ; pin_name  ; pin_name10 ;
; N/A   ; None              ; 8.713 ns        ; pin_name8 ; pin_name15 ;
; N/A   ; None              ; 8.594 ns        ; pin_name  ; pin_name15 ;
; N/A   ; None              ; 7.554 ns        ; pin_name8 ; pin_name12 ;
; N/A   ; None              ; 7.546 ns        ; pin_name8 ; pin_name14 ;
; N/A   ; None              ; 7.536 ns        ; pin_name8 ; pin_name13 ;
; N/A   ; None              ; 7.434 ns        ; pin_name  ; pin_name12 ;
; N/A   ; None              ; 7.427 ns        ; pin_name  ; pin_name14 ;
; N/A   ; None              ; 7.417 ns        ; pin_name  ; pin_name13 ;
; N/A   ; None              ; 6.389 ns        ; pin_name  ; pin_name16 ;
; N/A   ; None              ; 5.718 ns        ; pin_name  ; pin_name11 ;
+-------+-------------------+-----------------+-----------+------------+


+--------------------------+
; Timing Analyzer Messages ;
+--------------------------+
Info: *******************************************************************
Info: Running Quartus II Classic Timing Analyzer
    Info: Version 9.1 Build 350 03/24/2010 Service Pack 2 SJ Web Edition
    Info: Processing started: Fri Oct 23 13:46:17 2020
Info: Command: quartus_tan --read_settings_files=off --write_settings_files=off 20201023 -c 20201023
Info: Started post-fitting delay annotation
Info: Delay annotation completed successfully
Info: Longest tpd from source pin "pin_name8" to destination pin "pin_name9" is 9.010 ns
    Info: 1: + IC(0.000 ns) + CELL(1.132 ns) = 1.132 ns; Loc. = PIN_2; Fanout = 3; PIN Node = 'pin_name8'
    Info: 2: + IC(3.255 ns) + CELL(0.200 ns) = 4.587 ns; Loc. = LC_X1_Y5_N3; Fanout = 2; COMB Node = 'inst'
    Info: 3: + IC(2.101 ns) + CELL(2.322 ns) = 9.010 ns; Loc. = PIN_23; Fanout = 0; PIN Node = 'pin_name9'
    Info: Total cell delay = 3.654 ns ( 40.55 % )
    Info: Total interconnect delay = 5.356 ns ( 59.45 % )
Info: Quartus II Classic Timing Analyzer was successful. 0 errors, 0 warnings
    Info: Peak virtual memory: 184 megabytes
    Info: Processing ended: Fri Oct 23 13:46:17 2020
    Info: Elapsed time: 00:00:00
    Info: Total CPU time (on all processors): 00:00:00


